<?xml version="1.0" encoding="UTF-8"?>
<!-- Generated by org.testng.reporters.JUnitXMLReporter -->
<testsuite ignored="0" hostname="DESKTOP-5BCNP66" failures="0" tests="3" name="Default test" time="47.227" errors="0" timestamp="2024-08-31T17:30:12 IST">
  <testcase classname="com.FTAAutomationFinally.testscript.PartnerRequest" name="PartnerReq" time="8.454"/>
  <testcase classname="com.FTAAutomationFinally.testscript.PartnerRequest" name="PartnerReqThree" time="3.871"/>
  <testcase classname="com.FTAAutomationFinally.testscript.PartnerRequest" name="PartnerReqTwo" time="3.515"/>
</testsuite> <!-- Default test -->
