<?xml version="1.0" encoding="UTF-8"?>
<testng-results ignored="0" total="3" passed="3" failed="0" skipped="0">
  <reporter-output>
    <line>
      <![CDATA[openBrowser]]>
    </line>
    <line>
      <![CDATA[login]]>
    </line>
    <line>
      <![CDATA[PartnerReq has been passed]]>
    </line>
    <line>
      <![CDATA[logout]]>
    </line>
    <line>
      <![CDATA[login]]>
    </line>
    <line>
      <![CDATA[PartnerReqThree has been passed]]>
    </line>
    <line>
      <![CDATA[logout]]>
    </line>
    <line>
      <![CDATA[login]]>
    </line>
    <line>
      <![CDATA[PartnerReqTwo has been passed]]>
    </line>
    <line>
      <![CDATA[logout]]>
    </line>
    <line>
      <![CDATA[closeBrowser]]>
    </line>
  </reporter-output>
  <suite started-at="2024-08-31T17:29:24 IST" name="Default suite" finished-at="2024-08-31T17:30:12 IST" duration-ms="47227">
    <groups>
    </groups>
    <test started-at="2024-08-31T17:29:24 IST" name="Default test" finished-at="2024-08-31T17:30:12 IST" duration-ms="47227">
      <class name="com.FTAAutomationFinally.testscript.PartnerRequest">
        <test-method is-config="true" signature="openBrowser()[pri:0, instance:com.FTAAutomationFinally.testscript.PartnerRequest@595b007d]" started-at="2024-08-31T17:29:24 IST" name="openBrowser" finished-at="2024-08-31T17:29:33 IST" duration-ms="8331" status="PASS">
          <reporter-output>
            <line>
              <![CDATA[openBrowser]]>
            </line>
          </reporter-output>
        </test-method> <!-- openBrowser -->
        <test-method is-config="true" signature="login()[pri:0, instance:com.FTAAutomationFinally.testscript.PartnerRequest@595b007d]" started-at="2024-08-31T17:29:33 IST" name="login" finished-at="2024-08-31T17:29:33 IST" duration-ms="349" status="PASS">
          <reporter-output>
            <line>
              <![CDATA[login]]>
            </line>
          </reporter-output>
        </test-method> <!-- login -->
        <test-method signature="PartnerReq()[pri:0, instance:com.FTAAutomationFinally.testscript.PartnerRequest@595b007d]" started-at="2024-08-31T17:29:33 IST" name="PartnerReq" finished-at="2024-08-31T17:29:41 IST" duration-ms="8454" status="PASS">
          <reporter-output>
            <line>
              <![CDATA[PartnerReq has been passed]]>
            </line>
          </reporter-output>
        </test-method> <!-- PartnerReq -->
        <test-method is-config="true" signature="logout()[pri:0, instance:com.FTAAutomationFinally.testscript.PartnerRequest@595b007d]" started-at="2024-08-31T17:29:41 IST" name="logout" finished-at="2024-08-31T17:29:47 IST" duration-ms="5312" status="PASS">
          <reporter-output>
            <line>
              <![CDATA[logout]]>
            </line>
          </reporter-output>
        </test-method> <!-- logout -->
        <test-method is-config="true" signature="login()[pri:0, instance:com.FTAAutomationFinally.testscript.PartnerRequest@595b007d]" started-at="2024-08-31T17:29:47 IST" name="login" finished-at="2024-08-31T17:29:48 IST" duration-ms="1318" status="PASS">
          <reporter-output>
            <line>
              <![CDATA[login]]>
            </line>
          </reporter-output>
        </test-method> <!-- login -->
        <test-method signature="PartnerReqThree()[pri:0, instance:com.FTAAutomationFinally.testscript.PartnerRequest@595b007d]" started-at="2024-08-31T17:29:48 IST" name="PartnerReqThree" finished-at="2024-08-31T17:29:52 IST" duration-ms="3871" status="PASS">
          <reporter-output>
            <line>
              <![CDATA[PartnerReqThree has been passed]]>
            </line>
          </reporter-output>
        </test-method> <!-- PartnerReqThree -->
        <test-method is-config="true" signature="logout()[pri:0, instance:com.FTAAutomationFinally.testscript.PartnerRequest@595b007d]" started-at="2024-08-31T17:29:52 IST" name="logout" finished-at="2024-08-31T17:29:57 IST" duration-ms="5127" status="PASS">
          <reporter-output>
            <line>
              <![CDATA[logout]]>
            </line>
          </reporter-output>
        </test-method> <!-- logout -->
        <test-method is-config="true" signature="login()[pri:0, instance:com.FTAAutomationFinally.testscript.PartnerRequest@595b007d]" started-at="2024-08-31T17:29:57 IST" name="login" finished-at="2024-08-31T17:29:58 IST" duration-ms="560" status="PASS">
          <reporter-output>
            <line>
              <![CDATA[login]]>
            </line>
          </reporter-output>
        </test-method> <!-- login -->
        <test-method signature="PartnerReqTwo()[pri:0, instance:com.FTAAutomationFinally.testscript.PartnerRequest@595b007d]" started-at="2024-08-31T17:29:58 IST" name="PartnerReqTwo" finished-at="2024-08-31T17:30:01 IST" duration-ms="3515" status="PASS">
          <reporter-output>
            <line>
              <![CDATA[PartnerReqTwo has been passed]]>
            </line>
          </reporter-output>
        </test-method> <!-- PartnerReqTwo -->
        <test-method is-config="true" signature="logout()[pri:0, instance:com.FTAAutomationFinally.testscript.PartnerRequest@595b007d]" started-at="2024-08-31T17:30:01 IST" name="logout" finished-at="2024-08-31T17:30:06 IST" duration-ms="5138" status="PASS">
          <reporter-output>
            <line>
              <![CDATA[logout]]>
            </line>
          </reporter-output>
        </test-method> <!-- logout -->
        <test-method is-config="true" signature="closebrowser()[pri:0, instance:com.FTAAutomationFinally.testscript.PartnerRequest@595b007d]" started-at="2024-08-31T17:30:06 IST" name="closebrowser" finished-at="2024-08-31T17:30:12 IST" duration-ms="5220" status="PASS">
          <reporter-output>
            <line>
              <![CDATA[closeBrowser]]>
            </line>
          </reporter-output>
        </test-method> <!-- closebrowser -->
      </class> <!-- com.FTAAutomationFinally.testscript.PartnerRequest -->
    </test> <!-- Default test -->
  </suite> <!-- Default suite -->
</testng-results>
